<?xml version="1.0" encoding="UTF-8"?>
<!-- Generated by org.testng.reporters.JUnitXMLReporter -->
<testsuite hostname="MY_PC" ignored="0" name="BankingApp Test" tests="1" failures="0" timestamp="2019-12-05T22:01:15 IST" time="1.266" errors="0">
  <testcase name="@BeforeClass setUp" time="1.162" classname="com.inetBanking.testCases.BaseClass">
    <failure type="io.github.bonigarcia.wdm.WebDriverManagerException" message="java.net.UnknownHostException: npm.taobao.org">
      <![CDATA[io.github.bonigarcia.wdm.WebDriverManagerException: java.net.UnknownHostException: npm.taobao.org
at io.github.bonigarcia.wdm.WebDriverManager.handleException(WebDriverManager.java:754)
at io.github.bonigarcia.wdm.WebDriverManager.manage(WebDriverManager.java:563)
at io.github.bonigarcia.wdm.WebDriverManager.handleException(WebDriverManager.java:751)
at io.github.bonigarcia.wdm.WebDriverManager.manage(WebDriverManager.java:563)
at io.github.bonigarcia.wdm.WebDriverManager.setup(WebDriverManager.java:260)
at com.inetBanking.testCases.BaseClass.setUp(BaseClass.java:32)
at java.util.ArrayList.forEach(Unknown Source)
Caused by: java.net.UnknownHostException: npm.taobao.org
at java.net.InetAddress.getAllByName0(Unknown Source)
at java.net.InetAddress.getAllByName(Unknown Source)
at java.net.InetAddress.getAllByName(Unknown Source)
at org.apache.http.impl.conn.SystemDefaultDnsResolver.resolve(SystemDefaultDnsResolver.java:45)
at org.apache.http.impl.conn.DefaultHttpClientConnectionOperator.connect(DefaultHttpClientConnectionOperator.java:112)
at org.apache.http.impl.conn.PoolingHttpClientConnectionManager.connect(PoolingHttpClientConnectionManager.java:373)
at org.apache.http.impl.execchain.MainClientExec.establishRoute(MainClientExec.java:394)
at org.apache.http.impl.execchain.MainClientExec.execute(MainClientExec.java:237)
at org.apache.http.impl.execchain.ProtocolExec.execute(ProtocolExec.java:185)
at org.apache.http.impl.execchain.RetryExec.execute(RetryExec.java:89)
at org.apache.http.impl.execchain.RedirectExec.execute(RedirectExec.java:110)
at org.apache.http.impl.client.InternalHttpClient.doExecute(InternalHttpClient.java:185)
at org.apache.http.impl.client.CloseableHttpClient.execute(CloseableHttpClient.java:83)
at org.apache.http.impl.client.CloseableHttpClient.execute(CloseableHttpClient.java:108)
at io.github.bonigarcia.wdm.HttpClient.execute(HttpClient.java:169)
at io.github.bonigarcia.wdm.WebDriverManager.getDriversFromMirror(WebDriverManager.java:1019)
at io.github.bonigarcia.wdm.ChromeDriverManager.getDrivers(ChromeDriverManager.java:82)
at io.github.bonigarcia.wdm.WebDriverManager.filterCandidateUrls(WebDriverManager.java:770)
at io.github.bonigarcia.wdm.WebDriverManager.manage(WebDriverManager.java:549)
... 30 more
... Removed 25 stack frames]]>
    </failure>
  </testcase> <!-- @BeforeClass setUp -->
  <testcase name="@AfterClass tearDown" time="-1.575563475888E9" classname="com.inetBanking.testCases.BaseClass">
    <skipped/>
  </testcase> <!-- @AfterClass tearDown -->
  <testcase name="LoginTest" time="0.0" classname="com.inetBanking.testCases.TC_LoginTest_001">
    <skipped/>
  </testcase> <!-- LoginTest -->
</testsuite> <!-- BankingApp Test -->
